  ShaderProgram.cpp
  Matrix.cpp
c:\users\brand\desktop\cs3113-intro-to-game-programming\platformer\nyucodebase\matrix.cpp(148): warning C4244: '=': conversion from 'double' to 'float', possible loss of data
c:\users\brand\desktop\cs3113-intro-to-game-programming\platformer\nyucodebase\matrix.cpp(149): warning C4244: '=': conversion from 'double' to 'float', possible loss of data
c:\users\brand\desktop\cs3113-intro-to-game-programming\platformer\nyucodebase\matrix.cpp(150): warning C4244: '=': conversion from 'double' to 'float', possible loss of data
c:\users\brand\desktop\cs3113-intro-to-game-programming\platformer\nyucodebase\matrix.cpp(151): warning C4244: '=': conversion from 'double' to 'float', possible loss of data
c:\users\brand\desktop\cs3113-intro-to-game-programming\platformer\nyucodebase\matrix.cpp(165): warning C4244: '=': conversion from 'double' to 'float', possible loss of data
c:\users\brand\desktop\cs3113-intro-to-game-programming\platformer\nyucodebase\matrix.cpp(166): warning C4244: '=': conversion from 'double' to 'float', possible loss of data
c:\users\brand\desktop\cs3113-intro-to-game-programming\platformer\nyucodebase\matrix.cpp(167): warning C4244: '=': conversion from 'double' to 'float', possible loss of data
c:\users\brand\desktop\cs3113-intro-to-game-programming\platformer\nyucodebase\matrix.cpp(168): warning C4244: '=': conversion from 'double' to 'float', possible loss of data
c:\users\brand\desktop\cs3113-intro-to-game-programming\platformer\nyucodebase\matrix.cpp(172): warning C4244: '=': conversion from 'double' to 'float', possible loss of data
c:\users\brand\desktop\cs3113-intro-to-game-programming\platformer\nyucodebase\matrix.cpp(173): warning C4244: '=': conversion from 'double' to 'float', possible loss of data
c:\users\brand\desktop\cs3113-intro-to-game-programming\platformer\nyucodebase\matrix.cpp(174): warning C4244: '=': conversion from 'double' to 'float', possible loss of data
c:\users\brand\desktop\cs3113-intro-to-game-programming\platformer\nyucodebase\matrix.cpp(175): warning C4244: '=': conversion from 'double' to 'float', possible loss of data
c:\users\brand\desktop\cs3113-intro-to-game-programming\platformer\nyucodebase\matrix.cpp(213): warning C4244: 'argument': conversion from 'double' to 'float', possible loss of data
c:\users\brand\desktop\cs3113-intro-to-game-programming\platformer\nyucodebase\matrix.cpp(214): warning C4244: 'argument': conversion from 'double' to 'float', possible loss of data
  main.cpp
c:\users\brand\desktop\cs3113-intro-to-game-programming\platformer\nyucodebase\main.cpp(173): warning C4244: 'initializing': conversion from 'double' to 'float', possible loss of data
c:\users\brand\desktop\cs3113-intro-to-game-programming\platformer\nyucodebase\main.cpp(174): warning C4244: 'initializing': conversion from 'double' to 'float', possible loss of data
c:\users\brand\desktop\cs3113-intro-to-game-programming\platformer\nyucodebase\main.cpp(187): warning C4838: conversion from 'double' to 'GLfloat' requires a narrowing conversion
c:\users\brand\desktop\cs3113-intro-to-game-programming\platformer\nyucodebase\main.cpp(187): warning C4244: 'initializing': conversion from 'double' to 'GLfloat', possible loss of data
c:\users\brand\desktop\cs3113-intro-to-game-programming\platformer\nyucodebase\main.cpp(219): warning C4018: '>': signed/unsigned mismatch
c:\users\brand\desktop\cs3113-intro-to-game-programming\platformer\nyucodebase\main.cpp(233): warning C4305: '+=': truncation from 'double' to 'float'
c:\users\brand\desktop\cs3113-intro-to-game-programming\platformer\nyucodebase\main.cpp(237): warning C4305: '=': truncation from 'double' to 'float'
c:\users\brand\desktop\cs3113-intro-to-game-programming\platformer\nyucodebase\main.cpp(241): warning C4305: '-=': truncation from 'double' to 'float'
c:\users\brand\desktop\cs3113-intro-to-game-programming\platformer\nyucodebase\main.cpp(245): warning C4305: '=': truncation from 'double' to 'float'
c:\users\brand\desktop\cs3113-intro-to-game-programming\platformer\nyucodebase\main.cpp(258): warning C4244: '+=': conversion from 'double' to 'float', possible loss of data
c:\users\brand\desktop\cs3113-intro-to-game-programming\platformer\nyucodebase\main.cpp(261): warning C4244: '-=': conversion from 'double' to 'float', possible loss of data
c:\users\brand\desktop\cs3113-intro-to-game-programming\platformer\nyucodebase\main.cpp(271): warning C4305: '=': truncation from 'double' to 'float'
c:\users\brand\desktop\cs3113-intro-to-game-programming\platformer\nyucodebase\main.cpp(280): warning C4244: 'return': conversion from 'double' to 'float', possible loss of data
c:\users\brand\desktop\cs3113-intro-to-game-programming\platformer\nyucodebase\main.cpp(281): warning C4244: 'return': conversion from 'double' to 'float', possible loss of data
c:\users\brand\desktop\cs3113-intro-to-game-programming\platformer\nyucodebase\main.cpp(282): warning C4244: 'return': conversion from 'double' to 'float', possible loss of data
c:\users\brand\desktop\cs3113-intro-to-game-programming\platformer\nyucodebase\main.cpp(283): warning C4244: 'return': conversion from 'double' to 'float', possible loss of data
c:\users\brand\desktop\cs3113-intro-to-game-programming\platformer\nyucodebase\main.cpp(284): warning C4244: 'return': conversion from 'double' to 'float', possible loss of data
c:\users\brand\desktop\cs3113-intro-to-game-programming\platformer\nyucodebase\main.cpp(285): warning C4244: 'return': conversion from 'double' to 'float', possible loss of data
c:\users\brand\desktop\cs3113-intro-to-game-programming\platformer\nyucodebase\main.cpp(286): warning C4244: 'return': conversion from 'double' to 'float', possible loss of data
c:\users\brand\desktop\cs3113-intro-to-game-programming\platformer\nyucodebase\main.cpp(287): warning C4244: 'return': conversion from 'double' to 'float', possible loss of data
c:\users\brand\desktop\cs3113-intro-to-game-programming\platformer\nyucodebase\main.cpp(351): warning C4305: '-=': truncation from 'double' to 'float'
c:\users\brand\desktop\cs3113-intro-to-game-programming\platformer\nyucodebase\main.cpp(353): warning C4305: '=': truncation from 'double' to 'float'
c:\users\brand\desktop\cs3113-intro-to-game-programming\platformer\nyucodebase\main.cpp(363): warning C4305: '-=': truncation from 'double' to 'float'
c:\users\brand\desktop\cs3113-intro-to-game-programming\platformer\nyucodebase\main.cpp(369): warning C4305: '+=': truncation from 'double' to 'float'
c:\users\brand\desktop\cs3113-intro-to-game-programming\platformer\nyucodebase\main.cpp(404): warning C4244: '=': conversion from 'int' to 'float', possible loss of data
c:\users\brand\desktop\cs3113-intro-to-game-programming\platformer\nyucodebase\main.cpp(407): warning C4244: '=': conversion from 'int' to 'float', possible loss of data
c:\users\brand\desktop\cs3113-intro-to-game-programming\platformer\nyucodebase\main.cpp(415): warning C4244: 'initializing': conversion from 'float' to 'unsigned int', possible loss of data
c:\users\brand\desktop\cs3113-intro-to-game-programming\platformer\nyucodebase\main.cpp(417): warning C4244: 'initializing': conversion from 'float' to 'unsigned int', possible loss of data
c:\users\brand\desktop\cs3113-intro-to-game-programming\platformer\nyucodebase\main.cpp(517): warning C4018: '<': signed/unsigned mismatch
c:\users\brand\desktop\cs3113-intro-to-game-programming\platformer\nyucodebase\main.cpp(567): warning C4244: 'initializing': conversion from 'double' to 'float', possible loss of data
c:\users\brand\desktop\cs3113-intro-to-game-programming\platformer\nyucodebase\main.cpp(568): warning C4244: 'initializing': conversion from 'double' to 'float', possible loss of data
c:\users\brand\desktop\cs3113-intro-to-game-programming\platformer\nyucodebase\main.cpp(596): warning C4244: 'argument': conversion from 'float' to 'GLsizei', possible loss of data
c:\users\brand\desktop\cs3113-intro-to-game-programming\platformer\nyucodebase\main.cpp(651): warning C4305: 'argument': truncation from 'double' to 'float'
c:\users\brand\desktop\cs3113-intro-to-game-programming\platformer\nyucodebase\main.cpp(656): warning C4305: 'argument': truncation from 'double' to 'float'
c:\users\brand\desktop\cs3113-intro-to-game-programming\platformer\nyucodebase\main.cpp(661): warning C4305: 'argument': truncation from 'double' to 'float'
c:\users\brand\desktop\cs3113-intro-to-game-programming\platformer\nyucodebase\main.cpp(666): warning C4305: 'argument': truncation from 'double' to 'float'
c:\users\brand\desktop\cs3113-intro-to-game-programming\platformer\nyucodebase\main.cpp(671): warning C4305: 'argument': truncation from 'double' to 'float'
c:\users\brand\desktop\cs3113-intro-to-game-programming\platformer\nyucodebase\main.cpp(689): warning C4305: 'argument': truncation from 'double' to 'float'
c:\users\brand\desktop\cs3113-intro-to-game-programming\platformer\nyucodebase\main.cpp(707): warning C4305: 'argument': truncation from 'double' to 'float'
c:\users\brand\desktop\cs3113-intro-to-game-programming\platformer\nyucodebase\main.cpp(734): warning C4305: 'argument': truncation from 'double' to 'float'
c:\users\brand\desktop\cs3113-intro-to-game-programming\platformer\nyucodebase\main.cpp(771): warning C4305: 'argument': truncation from 'double' to 'float'
c:\users\brand\desktop\cs3113-intro-to-game-programming\platformer\nyucodebase\main.cpp(778): warning C4244: 'argument': conversion from 'double' to 'float', possible loss of data
c:\users\brand\desktop\cs3113-intro-to-game-programming\platformer\nyucodebase\main.cpp(795): warning C4305: 'argument': truncation from 'double' to 'float'
c:\users\brand\desktop\cs3113-intro-to-game-programming\platformer\nyucodebase\main.cpp(800): warning C4305: 'argument': truncation from 'double' to 'float'
  Generating Code...
  NYUCodebase.vcxproj -> C:\Users\brand\Desktop\CS3113-Intro-To-Game-Programming\Platformer\Debug\NYUCodebase.exe
  NYUCodebase.vcxproj -> C:\Users\brand\Desktop\CS3113-Intro-To-Game-Programming\Platformer\Debug\NYUCodebase.pdb (Full PDB)
