  Vect.cpp
c:\users\brand\desktop\cs3113-intro-to-game-programming\final project\nyucodebase\vect.cpp(19): warning C4244: 'return': conversion from 'double' to 'float', possible loss of data
  ShaderProgram.cpp
  Matrix.cpp
c:\users\brand\desktop\cs3113-intro-to-game-programming\final project\nyucodebase\matrix.cpp(164): warning C4244: '=': conversion from 'double' to 'float', possible loss of data
c:\users\brand\desktop\cs3113-intro-to-game-programming\final project\nyucodebase\matrix.cpp(165): warning C4244: '=': conversion from 'double' to 'float', possible loss of data
c:\users\brand\desktop\cs3113-intro-to-game-programming\final project\nyucodebase\matrix.cpp(166): warning C4244: '=': conversion from 'double' to 'float', possible loss of data
c:\users\brand\desktop\cs3113-intro-to-game-programming\final project\nyucodebase\matrix.cpp(167): warning C4244: '=': conversion from 'double' to 'float', possible loss of data
c:\users\brand\desktop\cs3113-intro-to-game-programming\final project\nyucodebase\matrix.cpp(181): warning C4244: '=': conversion from 'double' to 'float', possible loss of data
c:\users\brand\desktop\cs3113-intro-to-game-programming\final project\nyucodebase\matrix.cpp(182): warning C4244: '=': conversion from 'double' to 'float', possible loss of data
c:\users\brand\desktop\cs3113-intro-to-game-programming\final project\nyucodebase\matrix.cpp(183): warning C4244: '=': conversion from 'double' to 'float', possible loss of data
c:\users\brand\desktop\cs3113-intro-to-game-programming\final project\nyucodebase\matrix.cpp(184): warning C4244: '=': conversion from 'double' to 'float', possible loss of data
c:\users\brand\desktop\cs3113-intro-to-game-programming\final project\nyucodebase\matrix.cpp(188): warning C4244: '=': conversion from 'double' to 'float', possible loss of data
c:\users\brand\desktop\cs3113-intro-to-game-programming\final project\nyucodebase\matrix.cpp(189): warning C4244: '=': conversion from 'double' to 'float', possible loss of data
c:\users\brand\desktop\cs3113-intro-to-game-programming\final project\nyucodebase\matrix.cpp(190): warning C4244: '=': conversion from 'double' to 'float', possible loss of data
c:\users\brand\desktop\cs3113-intro-to-game-programming\final project\nyucodebase\matrix.cpp(191): warning C4244: '=': conversion from 'double' to 'float', possible loss of data
c:\users\brand\desktop\cs3113-intro-to-game-programming\final project\nyucodebase\matrix.cpp(229): warning C4244: 'argument': conversion from 'double' to 'float', possible loss of data
c:\users\brand\desktop\cs3113-intro-to-game-programming\final project\nyucodebase\matrix.cpp(230): warning C4244: 'argument': conversion from 'double' to 'float', possible loss of data
  main.cpp
c:\users\brand\desktop\cs3113-intro-to-game-programming\final project\nyucodebase\main.cpp(25): warning C4305: 'initializing': truncation from 'double' to 'float'
c:\users\brand\desktop\cs3113-intro-to-game-programming\final project\nyucodebase\main.cpp(28): warning C4305: 'initializing': truncation from 'double' to 'float'
c:\users\brand\desktop\cs3113-intro-to-game-programming\final project\nyucodebase\main.cpp(29): warning C4305: 'initializing': truncation from 'double' to 'float'
c:\users\brand\desktop\cs3113-intro-to-game-programming\final project\nyucodebase\main.cpp(42): warning C4018: '<': signed/unsigned mismatch
c:\users\brand\desktop\cs3113-intro-to-game-programming\final project\nyucodebase\main.cpp(45): warning C4018: '<': signed/unsigned mismatch
c:\users\brand\desktop\cs3113-intro-to-game-programming\final project\nyucodebase\main.cpp(59): warning C4244: 'initializing': conversion from 'double' to 'float', possible loss of data
c:\users\brand\desktop\cs3113-intro-to-game-programming\final project\nyucodebase\main.cpp(60): warning C4244: 'initializing': conversion from 'double' to 'float', possible loss of data
c:\users\brand\desktop\cs3113-intro-to-game-programming\final project\nyucodebase\main.cpp(62): warning C4244: 'initializing': conversion from 'double' to 'float', possible loss of data
c:\users\brand\desktop\cs3113-intro-to-game-programming\final project\nyucodebase\main.cpp(88): warning C4018: '<': signed/unsigned mismatch
c:\users\brand\desktop\cs3113-intro-to-game-programming\final project\nyucodebase\main.cpp(106): warning C4018: '<': signed/unsigned mismatch
c:\users\brand\desktop\cs3113-intro-to-game-programming\final project\nyucodebase\main.cpp(130): warning C4018: '<': signed/unsigned mismatch
c:\users\brand\desktop\cs3113-intro-to-game-programming\final project\nyucodebase\main.cpp(138): warning C4018: '<': signed/unsigned mismatch
c:\users\brand\desktop\cs3113-intro-to-game-programming\final project\nyucodebase\main.cpp(361): warning C4305: 'argument': truncation from 'double' to 'float'
  Generating Code...
  NYUCodebase.vcxproj -> C:\Users\brand\Desktop\CS3113-Intro-To-Game-Programming\Final Project\Debug\NYUCodebase.exe
  NYUCodebase.vcxproj -> C:\Users\brand\Desktop\CS3113-Intro-To-Game-Programming\Final Project\Debug\NYUCodebase.pdb (Full PDB)
